<?xml version="1.0" encoding="UTF-8"?>
<!-- Generated by org.testng.reporters.JUnitXMLReporter -->
<testsuite hostname="Sachins-MacBook-Air.local" ignored="0" name="Test1" tests="4" failures="2" timestamp="19 Aug 2018 08:14:19 GMT" time="39.649" errors="0">
  <testcase name="pageTitleTest" time="3.028" classname="com.qa.sweety.tests.LoginPageTest"/>
  <testcase name="validLoginTest" time="4.512" classname="com.qa.sweety.tests.LoginPageTest"/>
  <testcase name="invalidPasswordTest" time="5.151" classname="com.qa.sweety.tests.LoginPageTest">
    <failure type="java.lang.AssertionError" message="expected [Signed in successfully.] but found [Invalid email or password.]">
      <![CDATA[java.lang.AssertionError: expected [Signed in successfully.] but found [Invalid email or password.]at com.qa.sweety.tests.LoginPageTest.invalidPasswordTest(LoginPageTest.java:81)... Removed 31 stack frames]]>
    </failure>
  </testcase> <!-- invalidPasswordTest -->
  <testcase name="invalidEmailTest" time="3.496" classname="com.qa.sweety.tests.LoginPageTest">
    <failure type="java.lang.AssertionError" message="expected [Signed in successfully.] but found [You need to sign in or sign up before continuing.]">
      <![CDATA[java.lang.AssertionError: expected [Signed in successfully.] but found [You need to sign in or sign up before continuing.]at com.qa.sweety.tests.LoginPageTest.invalidEmailTest(LoginPageTest.java:88)... Removed 31 stack frames]]>
    </failure>
  </testcase> <!-- invalidEmailTest -->
</testsuite> <!-- Test1 -->
