<?xml version="1.0" encoding="UTF-8"?>
<testng-results skipped="0" failed="2" ignored="0" total="6" passed="4">
  <reporter-output>
  </reporter-output>
  <suite name="Suite" duration-ms="68557" started-at="2018-08-19T14:21:15Z" finished-at="2018-08-19T14:22:24Z">
    <groups>
    </groups>
    <test name="Test1" duration-ms="43116" started-at="2018-08-19T14:21:15Z" finished-at="2018-08-19T14:21:58Z">
      <class name="com.qa.sweety.tests.LoginPageTest">
        <test-method status="PASS" signature="setUp()[pri:0, instance:com.qa.sweety.tests.LoginPageTest@6aaa5eb0]" name="setUp" is-config="true" duration-ms="7008" started-at="2018-08-19T19:51:15Z" finished-at="2018-08-19T19:51:22Z">
          <reporter-output>
          </reporter-output>
        </test-method> <!-- setUp -->
        <test-method status="PASS" signature="pageTitleTest()[pri:1, instance:com.qa.sweety.tests.LoginPageTest@6aaa5eb0]" name="pageTitleTest" duration-ms="3015" started-at="2018-08-19T19:51:22Z" finished-at="2018-08-19T19:51:25Z">
          <reporter-output>
          </reporter-output>
        </test-method> <!-- pageTitleTest -->
        <test-method status="PASS" signature="tearDown()[pri:0, instance:com.qa.sweety.tests.LoginPageTest@6aaa5eb0]" name="tearDown" is-config="true" duration-ms="92" started-at="2018-08-19T19:51:25Z" finished-at="2018-08-19T19:51:25Z">
          <reporter-output>
          </reporter-output>
        </test-method> <!-- tearDown -->
        <test-method status="PASS" signature="setUp()[pri:0, instance:com.qa.sweety.tests.LoginPageTest@6aaa5eb0]" name="setUp" is-config="true" duration-ms="5413" started-at="2018-08-19T19:51:25Z" finished-at="2018-08-19T19:51:31Z">
          <reporter-output>
          </reporter-output>
        </test-method> <!-- setUp -->
        <test-method status="PASS" signature="validLoginTest()[pri:2, instance:com.qa.sweety.tests.LoginPageTest@6aaa5eb0]" name="validLoginTest" duration-ms="4328" started-at="2018-08-19T19:51:31Z" finished-at="2018-08-19T19:51:35Z">
          <reporter-output>
          </reporter-output>
        </test-method> <!-- validLoginTest -->
        <test-method status="PASS" signature="tearDown()[pri:0, instance:com.qa.sweety.tests.LoginPageTest@6aaa5eb0]" name="tearDown" is-config="true" duration-ms="97" started-at="2018-08-19T19:51:35Z" finished-at="2018-08-19T19:51:35Z">
          <reporter-output>
          </reporter-output>
        </test-method> <!-- tearDown -->
        <test-method status="PASS" signature="setUp()[pri:0, instance:com.qa.sweety.tests.LoginPageTest@6aaa5eb0]" name="setUp" is-config="true" duration-ms="5885" started-at="2018-08-19T19:51:35Z" finished-at="2018-08-19T19:51:41Z">
          <reporter-output>
          </reporter-output>
        </test-method> <!-- setUp -->
        <test-method status="FAIL" signature="invalidPasswordTest()[pri:3, instance:com.qa.sweety.tests.LoginPageTest@6aaa5eb0]" name="invalidPasswordTest" duration-ms="3986" started-at="2018-08-19T19:51:41Z" finished-at="2018-08-19T19:51:45Z">
          <exception class="java.lang.AssertionError">
            <message>
              <![CDATA[expected [Signed in successfully.] but found [Invalid email or password.]]]>
            </message>
            <full-stacktrace>
              <![CDATA[java.lang.AssertionError: expected [Signed in successfully.] but found [Invalid email or password.]
	at org.testng.Assert.fail(Assert.java:93)
	at org.testng.Assert.failNotEquals(Assert.java:512)
	at org.testng.Assert.assertEqualsImpl(Assert.java:134)
	at org.testng.Assert.assertEquals(Assert.java:115)
	at org.testng.Assert.assertEquals(Assert.java:189)
	at org.testng.Assert.assertEquals(Assert.java:199)
	at com.qa.sweety.tests.LoginPageTest.invalidPasswordTest(LoginPageTest.java:81)
	at sun.reflect.NativeMethodAccessorImpl.invoke0(Native Method)
	at sun.reflect.NativeMethodAccessorImpl.invoke(NativeMethodAccessorImpl.java:62)
	at sun.reflect.DelegatingMethodAccessorImpl.invoke(DelegatingMethodAccessorImpl.java:43)
	at java.lang.reflect.Method.invoke(Method.java:498)
	at org.testng.internal.MethodInvocationHelper.invokeMethod(MethodInvocationHelper.java:108)
	at org.testng.internal.Invoker.invokeMethod(Invoker.java:661)
	at org.testng.internal.Invoker.invokeTestMethod(Invoker.java:869)
	at org.testng.internal.Invoker.invokeTestMethods(Invoker.java:1193)
	at org.testng.internal.TestMethodWorker.invokeTestMethods(TestMethodWorker.java:126)
	at org.testng.internal.TestMethodWorker.run(TestMethodWorker.java:109)
	at org.testng.TestRunner.privateRun(TestRunner.java:744)
	at org.testng.TestRunner.run(TestRunner.java:602)
	at org.testng.SuiteRunner.runTest(SuiteRunner.java:380)
	at org.testng.SuiteRunner.runSequentially(SuiteRunner.java:375)
	at org.testng.SuiteRunner.privateRun(SuiteRunner.java:340)
	at org.testng.SuiteRunner.run(SuiteRunner.java:289)
	at org.testng.SuiteRunnerWorker.runSuite(SuiteRunnerWorker.java:52)
	at org.testng.SuiteRunnerWorker.run(SuiteRunnerWorker.java:86)
	at org.testng.TestNG.runSuitesSequentially(TestNG.java:1301)
	at org.testng.TestNG.runSuitesLocally(TestNG.java:1226)
	at org.testng.TestNG.runSuites(TestNG.java:1144)
	at org.testng.TestNG.run(TestNG.java:1115)
	at org.apache.maven.surefire.testng.TestNGExecutor.run(TestNGExecutor.java:295)
	at org.apache.maven.surefire.testng.TestNGXmlTestSuite.execute(TestNGXmlTestSuite.java:84)
	at org.apache.maven.surefire.testng.TestNGProvider.invoke(TestNGProvider.java:90)
	at org.apache.maven.surefire.booter.ForkedBooter.invokeProviderInSameClassLoader(ForkedBooter.java:203)
	at org.apache.maven.surefire.booter.ForkedBooter.runSuitesInProcess(ForkedBooter.java:155)
	at org.apache.maven.surefire.booter.ForkedBooter.main(ForkedBooter.java:103)
]]>
            </full-stacktrace>
          </exception> <!-- java.lang.AssertionError -->
          <reporter-output>
          </reporter-output>
        </test-method> <!-- invalidPasswordTest -->
        <test-method status="PASS" signature="tearDown()[pri:0, instance:com.qa.sweety.tests.LoginPageTest@6aaa5eb0]" name="tearDown" is-config="true" duration-ms="95" started-at="2018-08-19T19:51:45Z" finished-at="2018-08-19T19:51:45Z">
          <reporter-output>
          </reporter-output>
        </test-method> <!-- tearDown -->
        <test-method status="PASS" signature="setUp()[pri:0, instance:com.qa.sweety.tests.LoginPageTest@6aaa5eb0]" name="setUp" is-config="true" duration-ms="9577" started-at="2018-08-19T19:51:45Z" finished-at="2018-08-19T19:51:55Z">
          <reporter-output>
          </reporter-output>
        </test-method> <!-- setUp -->
        <test-method status="FAIL" signature="invalidEmailTest()[pri:4, instance:com.qa.sweety.tests.LoginPageTest@6aaa5eb0]" name="invalidEmailTest" duration-ms="3473" started-at="2018-08-19T19:51:55Z" finished-at="2018-08-19T19:51:58Z">
          <exception class="java.lang.AssertionError">
            <message>
              <![CDATA[expected [Signed in successfully.] but found [You need to sign in or sign up before continuing.]]]>
            </message>
            <full-stacktrace>
              <![CDATA[java.lang.AssertionError: expected [Signed in successfully.] but found [You need to sign in or sign up before continuing.]
	at org.testng.Assert.fail(Assert.java:93)
	at org.testng.Assert.failNotEquals(Assert.java:512)
	at org.testng.Assert.assertEqualsImpl(Assert.java:134)
	at org.testng.Assert.assertEquals(Assert.java:115)
	at org.testng.Assert.assertEquals(Assert.java:189)
	at org.testng.Assert.assertEquals(Assert.java:199)
	at com.qa.sweety.tests.LoginPageTest.invalidEmailTest(LoginPageTest.java:88)
	at sun.reflect.NativeMethodAccessorImpl.invoke0(Native Method)
	at sun.reflect.NativeMethodAccessorImpl.invoke(NativeMethodAccessorImpl.java:62)
	at sun.reflect.DelegatingMethodAccessorImpl.invoke(DelegatingMethodAccessorImpl.java:43)
	at java.lang.reflect.Method.invoke(Method.java:498)
	at org.testng.internal.MethodInvocationHelper.invokeMethod(MethodInvocationHelper.java:108)
	at org.testng.internal.Invoker.invokeMethod(Invoker.java:661)
	at org.testng.internal.Invoker.invokeTestMethod(Invoker.java:869)
	at org.testng.internal.Invoker.invokeTestMethods(Invoker.java:1193)
	at org.testng.internal.TestMethodWorker.invokeTestMethods(TestMethodWorker.java:126)
	at org.testng.internal.TestMethodWorker.run(TestMethodWorker.java:109)
	at org.testng.TestRunner.privateRun(TestRunner.java:744)
	at org.testng.TestRunner.run(TestRunner.java:602)
	at org.testng.SuiteRunner.runTest(SuiteRunner.java:380)
	at org.testng.SuiteRunner.runSequentially(SuiteRunner.java:375)
	at org.testng.SuiteRunner.privateRun(SuiteRunner.java:340)
	at org.testng.SuiteRunner.run(SuiteRunner.java:289)
	at org.testng.SuiteRunnerWorker.runSuite(SuiteRunnerWorker.java:52)
	at org.testng.SuiteRunnerWorker.run(SuiteRunnerWorker.java:86)
	at org.testng.TestNG.runSuitesSequentially(TestNG.java:1301)
	at org.testng.TestNG.runSuitesLocally(TestNG.java:1226)
	at org.testng.TestNG.runSuites(TestNG.java:1144)
	at org.testng.TestNG.run(TestNG.java:1115)
	at org.apache.maven.surefire.testng.TestNGExecutor.run(TestNGExecutor.java:295)
	at org.apache.maven.surefire.testng.TestNGXmlTestSuite.execute(TestNGXmlTestSuite.java:84)
	at org.apache.maven.surefire.testng.TestNGProvider.invoke(TestNGProvider.java:90)
	at org.apache.maven.surefire.booter.ForkedBooter.invokeProviderInSameClassLoader(ForkedBooter.java:203)
	at org.apache.maven.surefire.booter.ForkedBooter.runSuitesInProcess(ForkedBooter.java:155)
	at org.apache.maven.surefire.booter.ForkedBooter.main(ForkedBooter.java:103)
]]>
            </full-stacktrace>
          </exception> <!-- java.lang.AssertionError -->
          <reporter-output>
          </reporter-output>
        </test-method> <!-- invalidEmailTest -->
        <test-method status="PASS" signature="tearDown()[pri:0, instance:com.qa.sweety.tests.LoginPageTest@6aaa5eb0]" name="tearDown" is-config="true" duration-ms="95" started-at="2018-08-19T19:51:58Z" finished-at="2018-08-19T19:51:58Z">
          <reporter-output>
          </reporter-output>
        </test-method> <!-- tearDown -->
      </class> <!-- com.qa.sweety.tests.LoginPageTest -->
    </test> <!-- Test1 -->
    <test name="Test2" duration-ms="11435" started-at="2018-08-19T14:21:59Z" finished-at="2018-08-19T14:22:10Z">
      <class name="com.qa.sweety.tests.EntryPageTest">
        <test-method status="PASS" signature="setUp()[pri:0, instance:com.qa.sweety.tests.EntryPageTest@1324409e]" name="setUp" is-config="true" duration-ms="4268" started-at="2018-08-19T19:51:59Z" finished-at="2018-08-19T19:52:03Z">
          <reporter-output>
          </reporter-output>
        </test-method> <!-- setUp -->
        <test-method status="PASS" signature="verifyEntry()[pri:1, instance:com.qa.sweety.tests.EntryPageTest@1324409e]" name="verifyEntry" duration-ms="7004" started-at="2018-08-19T19:52:03Z" finished-at="2018-08-19T19:52:10Z">
          <reporter-output>
          </reporter-output>
        </test-method> <!-- verifyEntry -->
        <test-method status="PASS" signature="tearDown()[pri:0, instance:com.qa.sweety.tests.EntryPageTest@1324409e]" name="tearDown" is-config="true" duration-ms="161" started-at="2018-08-19T19:52:10Z" finished-at="2018-08-19T19:52:10Z">
          <reporter-output>
          </reporter-output>
        </test-method> <!-- tearDown -->
      </class> <!-- com.qa.sweety.tests.EntryPageTest -->
    </test> <!-- Test2 -->
    <test name="Test3" duration-ms="13812" started-at="2018-08-19T14:22:10Z" finished-at="2018-08-19T14:22:24Z">
      <class name="com.qa.sweety.tests.ReportPageTest">
        <test-method status="PASS" signature="setUp()[pri:0, instance:com.qa.sweety.tests.ReportPageTest@1e67b872]" name="setUp" is-config="true" duration-ms="4879" started-at="2018-08-19T19:52:10Z" finished-at="2018-08-19T19:52:15Z">
          <reporter-output>
          </reporter-output>
        </test-method> <!-- setUp -->
        <test-method status="PASS" signature="verifyReport()[pri:1, instance:com.qa.sweety.tests.ReportPageTest@1e67b872]" name="verifyReport" duration-ms="8831" started-at="2018-08-19T19:52:15Z" finished-at="2018-08-19T19:52:24Z">
          <reporter-output>
          </reporter-output>
        </test-method> <!-- verifyReport -->
        <test-method status="PASS" signature="tearDown()[pri:0, instance:com.qa.sweety.tests.ReportPageTest@1e67b872]" name="tearDown" is-config="true" duration-ms="101" started-at="2018-08-19T19:52:24Z" finished-at="2018-08-19T19:52:24Z">
          <reporter-output>
          </reporter-output>
        </test-method> <!-- tearDown -->
      </class> <!-- com.qa.sweety.tests.ReportPageTest -->
    </test> <!-- Test3 -->
  </suite> <!-- Suite -->
</testng-results>
